<?xml version="1.0" encoding="UTF-8"?>
<Site BuildName="(empty)"
	BuildStamp="20241121-2015-Experimental"
	Name="(empty)"
	Generator="ctest-3.27.4"
	CompilerName=""
	CompilerVersion=""
	OSName="macOS"
	Hostname="72:4C:66:BD:27:6B"
	OSRelease="15.0"
	OSVersion="24A335"
	OSPlatform="arm64"
	Is64Bits="1"
	VendorString="IBM"
	VendorID="IBM"
	FamilyID="16777228"
	ModelID="2"
	ProcessorCacheSize="131072"
	NumberOfLogicalCPU="8"
	NumberOfPhysicalCPU="8"
	TotalVirtualMemory="6144"
	TotalPhysicalMemory="16384"
	LogicalProcessorsPerPhysical="8"
	ProcessorClockFrequency="0"
	>
	<Testing>
		<StartDateTime>Nov 21 17:37 EST</StartDateTime>
		<StartTestTime>1732228626</StartTestTime>
		<TestList/>
		<EndDateTime>Nov 21 17:37 EST</EndDateTime>
		<EndTestTime>1732228626</EndTestTime>
		<ElapsedMinutes>0</ElapsedMinutes>
	</Testing>
</Site>
